<?xml version="1.0" encoding="UTF-8"?>
<!-- Generated by org.testng.reporters.JUnitReportReporter -->
<testsuite hostname="LAPTOP-UV00EJB2" failures="0" tests="1" name="main.BaseNG" time="5.201" errors="0" timestamp="2021-06-02T18:40:32 IST" skipped="0">
  <testcase classname="main.BaseNG" name="test" time="5.201"/>
  <system-out/>
</testsuite> <!-- main.BaseNG -->
