<?xml version="1.0" encoding="UTF-8"?>
<!-- Generated by org.testng.reporters.JUnitReportReporter -->
<testsuite hostname="LAPTOP-UV00EJB2" failures="0" tests="1" name="main.LibNG" time="5.744" errors="0" timestamp="2021-06-02T18:30:18 IST" skipped="0">
  <testcase classname="main.LibNG" name="Register" time="5.744"/>
  <system-out/>
</testsuite> <!-- main.LibNG -->
