<?xml version="1.0" encoding="UTF-8"?>
<!-- Generated by org.testng.reporters.JUnitReportReporter -->
<testsuite hostname="LAPTOP-UV00EJB2" failures="0" tests="3" name="main.RegisterNG" time="21.178" errors="0" timestamp="2021-06-02T19:13:27 IST" skipped="0">
  <testcase classname="main.RegisterNG" name="test" time="8.712"/>
  <system-out/>
  <testcase classname="main.RegisterNG" name="test" time="5.915"/>
  <system-out/>
  <testcase classname="main.RegisterNG" name="test" time="6.551"/>
  <system-out/>
</testsuite> <!-- main.RegisterNG -->
