<?xml version="1.0" encoding="UTF-8"?>
<!-- Generated by org.testng.reporters.JUnitReportReporter -->
<testsuite hostname="LAPTOP-UV00EJB2" failures="0" tests="3" name="main.LibraryNG" time="16.366" errors="0" timestamp="2021-06-02T18:30:57 IST" skipped="0">
  <testcase classname="main.LibraryNG" name="OpenURL" time="11.298"/>
  <system-out/>
  <testcase classname="main.LibraryNG" name="Register" time="4.735"/>
  <system-out/>
  <testcase classname="main.LibraryNG" name="CloseBrowers" time="0.333"/>
  <system-out/>
</testsuite> <!-- main.LibraryNG -->
